Unity Editor version:    6000.2.8f1 (c9992ac36c34)
Branch:                  6000.2/respin/6000.2.8f1-e4064264ae96
Build type:              Release
Batch mode:              YES
macOS version:           Version 26.1 (Build 25B78)
Darwin version:          25.1.0
Architecture:            arm64
Running under Rosetta:   NO
Available memory:        24576 MB
Date:                    2025-11-30T18:01:53Z
[Licensing::Module] Trying to connect to existing licensing client channel...
[Licensing::IpcConnector] Successfully connected to: "LicenseClient-konstantinregler" at "2025-11-30T18:01:53.148822Z"

COMMAND LINE ARGUMENTS:
/Applications/Unity/Hub/Editor/6000.2.8f1/Unity.app/Contents/MacOS/Unity
-adb2
-batchMode
-noUpm
-name
AssetImportWorker2
-projectPath
/Users/konstantinregler/Documents/GameResume/UpworkEndless
-logFile
Logs/AssetImportWorker2.log
-srvPort
51964
-licensingIpc
LicenseClient-konstantinregler
-job-worker-count
5
-background-job-worker-count
8
-gc-helper-count
1
-name AssetImport
Successfully changed project path to: /Users/konstantinregler/Documents/GameResume/UpworkEndless
/Users/konstantinregler/Documents/GameResume/UpworkEndless
[UnityMemory] Configuration Parameters - Can be set up in boot.config
    "memorysetup-allocator-temp-initial-block-size-main=262144"
    "memorysetup-allocator-temp-initial-block-size-worker=262144"
    "memorysetup-bucket-allocator-granularity=16"
    "memorysetup-bucket-allocator-bucket-count=8"
    "memorysetup-bucket-allocator-block-size=33554432"
    "memorysetup-bucket-allocator-block-count=8"
    "memorysetup-main-allocator-block-size=16777216"
    "memorysetup-thread-allocator-block-size=16777216"
    "memorysetup-gfx-main-allocator-block-size=16777216"
    "memorysetup-gfx-thread-allocator-block-size=16777216"
    "memorysetup-cache-allocator-block-size=4194304"
    "memorysetup-typetree-allocator-block-size=2097152"
    "memorysetup-profiler-bucket-allocator-granularity=16"
    "memorysetup-profiler-bucket-allocator-bucket-count=8"
    "memorysetup-profiler-bucket-allocator-block-size=33554432"
    "memorysetup-profiler-bucket-allocator-block-count=8"
    "memorysetup-profiler-allocator-block-size=16777216"
    "memorysetup-profiler-editor-allocator-block-size=1048576"
    "memorysetup-temp-allocator-size-main=16777216"
    "memorysetup-job-temp-allocator-block-size=2097152"
    "memorysetup-job-temp-allocator-block-size-background=1048576"
    "memorysetup-job-temp-allocator-reduction-small-platforms=262144"
    "memorysetup-temp-allocator-size-background-worker=32768"
    "memorysetup-temp-allocator-size-job-worker=262144"
    "memorysetup-temp-allocator-size-preload-manager=33554432"
    "memorysetup-temp-allocator-size-nav-mesh-worker=65536"
    "memorysetup-temp-allocator-size-audio-worker=65536"
    "memorysetup-temp-allocator-size-cloud-worker=32768"
    "memorysetup-temp-allocator-size-gi-baking-worker=262144"
    "memorysetup-temp-allocator-size-gi-baking-worker=262144"
    "memorysetup-temp-allocator-size-gi-baking-worker=262144"
    "memorysetup-temp-allocator-size-gi-baking-worker=262144"
    "memorysetup-temp-allocator-size-gi-baking-worker=262144"
    "memorysetup-temp-allocator-size-gfx=262144"
Player connection [8378196096]  Target information:

Player connection [8378196096]  * "[IP] 192.168.68.59 [Port] 0 [Flags] 2 [Guid] 4263759870 [EditorId] 4263759870 [Version] 1048832 [Id] OSXEditor(0,MacBook-Pro-von-Konstantin.local) [Debug] 1 [PackageName] OSXEditor [ProjectName] Editor" 

Player connection [8378196096] Host joined multi-casting on [225.0.0.222:54997]...
Player connection [8378196096] Host joined alternative multi-casting on [225.0.0.222:34997]...
JobSystem: Creating JobQueue using job-worker-count value 5
Input System module state changed to: Initialized.
[Physics::Module] Initialized fallback backend.
[Physics::Module] Id: 0xdecafbad
Library Redirect Path: Library/
[Physics::Module] Selected backend.
[Physics::Module] Name: PhysX
[Physics::Module] Id: 0xf2b8ea05
[Physics::Module] SDK Version: 4.1.2
[Physics::Module] Integration Version: 1.0.0
[Physics::Module] Threading Mode: Multi-Threaded
Refreshing native plugins compatible for Editor in 1.90 ms, found 1 plugins.
Preloading 0 native plugins for Editor in 0.00 ms.
Initialize engine version: 6000.2.8f1 (c9992ac36c34)
[Subsystems] Discovering subsystems at path /Applications/Unity/Hub/Editor/6000.2.8f1/Unity.app/Contents/Resources/UnitySubsystems
[Subsystems] Discovering subsystems at path /Users/konstantinregler/Documents/GameResume/UpworkEndless/Assets
GfxDevice: creating device client; kGfxThreadingModeNonThreaded
 preferred device: Apple M4 Pro (high power)
Metal devices available: 1
0: Apple M4 Pro (high power)
Using device Apple M4 Pro (high power)
Initializing Metal device caps: Apple M4 Pro
Mac GPU Family: 2
Apple GPU Family: 9
MSL Version: 3.0
Has Float MSAA: 1
Has Float Filtering: 1
ReadWrite Texture Tier: 2
Initialize mono
Mono path[0] = '/Applications/Unity/Hub/Editor/6000.2.8f1/Unity.app/Contents/Managed'
Mono path[1] = '/Applications/Unity/Hub/Editor/6000.2.8f1/Unity.app/Contents/MonoBleedingEdge/lib/mono/unityjit-macos'
Mono config path = '/Applications/Unity/Hub/Editor/6000.2.8f1/Unity.app/Contents/MonoBleedingEdge/etc'
Using monoOptions --debugger-agent=transport=dt_socket,embedding=1,server=y,suspend=n,address=127.0.0.1:56059
Begin MonoManager ReloadAssembly
Registering precompiled unity dll's ...
Register platform support module: /Applications/Unity/Hub/Editor/6000.2.8f1/PlaybackEngines/WebGLSupport/UnityEditor.WebGL.Extensions.dll
Register platform support module: /Applications/Unity/Hub/Editor/6000.2.8f1/Unity.app/Contents/PlaybackEngines/MacStandaloneSupport/UnityEditor.OSXStandalone.Extensions.dll
[Licensing::Module] Licensing is not yet initialized.
[Licensing::Client] Code 10 while verifying Licensing Client signature (process Id: 1700, path: "/Applications/Unity Hub.app/Contents/Frameworks/UnityLicensingClient_V1.app/Contents/MacOS/Unity.Licensing.Client")
[Licensing::Module] LicensingClient has failed validation; ignoring
[Licensing::Client] Handshaking with LicensingClient:
  Version:                 1.17.3+a4e98f1
  Session Id:              190951f28e19483ea3c37c3609a800e9
  Correlation Id:          a217f081ef9b59b422d43961776bd2a8
  External correlation Id: 1007974140863741626
  Machine Id:              IxSGb2JkpG20N1P/114wRBJ1pkY=
[Licensing::Module] Successfully connected to LicensingClient on channel: "LicenseClient-konstantinregler" (connect: 0.00s, validation: 0.00s, handshake: 0.60s)
[Licensing::IpcConnector] Successfully connected to: "LicenseClient-konstantinregler-notifications" at "2025-11-30T18:01:53.74626Z"
[Licensing::Module] Licensing Background thread has ended after 0.60s
[Licensing::Module] Licensing is initialized (took 0.12s).
[Licensing::Client] Successfully resolved entitlement details
[Licensing::Module] License group:
  Id: F4-WC4U-8ZWP-TS7C-B72W-XXXX
  Product: Unity Personal
  Type: ULF
  Expiration: Unlimited
[Licensing::Module] License group:
  Id: 9072268765837-UnityPersXXXX
  Product: Unity Personal
  Type: Assigned
  Expiration: Unlimited
Register platform support module: /Applications/Unity/Hub/Editor/6000.2.8f1/PlaybackEngines/VisionOSPlayer/UnityEditor.VisionOS.Extensions.dll
Register platform support module: /Applications/Unity/Hub/Editor/6000.2.8f1/PlaybackEngines/WindowsStandaloneSupport/UnityEditor.WindowsStandalone.Extensions.dll
Register platform support module: /Applications/Unity/Hub/Editor/6000.2.8f1/PlaybackEngines/iOSSupport/UnityEditor.iOS.Extensions.dll
Register platform support module: /Applications/Unity/Hub/Editor/6000.2.8f1/PlaybackEngines/AppleTVSupport/UnityEditor.AppleTV.Extensions.dll
Registered in 0.118111 seconds.
- Loaded All Assemblies, in  0.303 seconds
[usbmuxd] Start listen thread
[usbmuxd] Listen thread started
[usbmuxd] Send listen message
Native extension for AppleTV target not found
Native extension for iOS target not found
Native extension for WindowsStandalone target not found
objc[8059]: Class XcodeScriptingDelegate is implemented in both /Applications/Unity/Hub/Editor/6000.2.8f1/PlaybackEngines/AppleTVSupport/arm64/UnityEditor.iOS.Native.dylib (0x162a18610) and /Applications/Unity/Hub/Editor/6000.2.8f1/PlaybackEngines/VisionOSPlayer/arm64/UnityEditor.VisionOS.Native.dylib (0x162ca4610). This may cause spurious casting failures and mysterious crashes. One of the duplicates must be removed or renamed.
[usbmuxd] Start listen thread
[usbmuxd] Listen thread started
[usbmuxd] Send listen message
Native extension for VisionOS target not found
Native extension for OSXStandalone target not found
Native extension for WebGL target not found
Mono: successfully reloaded assembly
- Finished resetting the current domain, in  0.272 seconds
Domain Reload Profiling: 574ms
	BeginReloadAssembly (50ms)
		ExecutionOrderSort (0ms)
		DisableScriptedObjects (0ms)
		BackupInstance (0ms)
		ReleaseScriptingObjects (0ms)
		CreateAndSetChildDomain (0ms)
	RebuildCommonClasses (18ms)
	RebuildNativeTypeToScriptingClass (6ms)
	initialDomainReloadingComplete (139ms)
	LoadAllAssembliesAndSetupDomain (89ms)
		LoadAssemblies (51ms)
		RebuildTransferFunctionScriptingTraits (0ms)
		AnalyzeDomain (85ms)
			TypeCache.Refresh (84ms)
				TypeCache.ScanAssembly (76ms)
			BuildScriptInfoCaches (0ms)
			ResolveRequiredComponents (0ms)
	FinalizeReload (272ms)
		ReleaseScriptCaches (0ms)
		RebuildScriptCaches (0ms)
		SetupLoadedEditorAssemblies (247ms)
			LogAssemblyErrors (0ms)
			InitializePlatformSupportModulesInManaged (98ms)
			SetLoadedEditorAssemblies (2ms)
			BeforeProcessingInitializeOnLoad (43ms)
			ProcessInitializeOnLoadAttributes (72ms)
			ProcessInitializeOnLoadMethodAttributes (32ms)
			AfterProcessingInitializeOnLoad (0ms)
			EditorAssembliesLoaded (0ms)
		ExecutionOrderSort2 (0ms)
		AwakeInstancesAfterBackupRestoration (0ms)
========================================================================
Worker process is ready to serve import requests
Import Worker Mode flag is 0x00
Begin MonoManager ReloadAssembly
[Licensing::Client] Successfully resolved entitlement details
[Licensing::Module] License group:
  Id: F4-WC4U-8ZWP-TS7C-B72W-XXXX
  Product: Unity Personal
  Type: ULF
  Expiration: Unlimited
[Licensing::Module] License group:
  Id: 9072268765837-UnityPersXXXX
  Product: Unity Personal
  Type: Assigned
  Expiration: Unlimited
- Loaded All Assemblies, in  0.354 seconds
Script 'Terrain' has the same name as built-in Unity component.
AddComponent and GetComponent will not work with this script.
Script 'Camera' has the same name as built-in Unity component.
AddComponent and GetComponent will not work with this script.
Refreshing native plugins compatible for Editor in 0.34 ms, found 1 plugins.
Native extension for AppleTV target not found
Native extension for iOS target not found
Native extension for WindowsStandalone target not found
Native extension for VisionOS target not found
Native extension for OSXStandalone target not found
Native extension for WebGL target not found
Package Manager log level set to [2]
[Package Manager] Failed to launch server process. Reason: Unity was launched with the -noUpm command-line argument
[Package Manager] Unable to send message (not connected to server process).
[Package Manager] Cannot connect to Unity Package Manager local server
Mono: successfully reloaded assembly
- Finished resetting the current domain, in  0.533 seconds
Domain Reload Profiling: 886ms
	BeginReloadAssembly (65ms)
		ExecutionOrderSort (0ms)
		DisableScriptedObjects (2ms)
		BackupInstance (0ms)
		ReleaseScriptingObjects (0ms)
		CreateAndSetChildDomain (12ms)
	RebuildCommonClasses (18ms)
	RebuildNativeTypeToScriptingClass (7ms)
	initialDomainReloadingComplete (17ms)
	LoadAllAssembliesAndSetupDomain (247ms)
		LoadAssemblies (163ms)
		RebuildTransferFunctionScriptingTraits (0ms)
		AnalyzeDomain (116ms)
			TypeCache.Refresh (90ms)
				TypeCache.ScanAssembly (82ms)
			BuildScriptInfoCaches (20ms)
			ResolveRequiredComponents (5ms)
	FinalizeReload (533ms)
		ReleaseScriptCaches (0ms)
		RebuildScriptCaches (0ms)
		SetupLoadedEditorAssemblies (402ms)
			LogAssemblyErrors (0ms)
			InitializePlatformSupportModulesInManaged (14ms)
			SetLoadedEditorAssemblies (2ms)
			BeforeProcessingInitializeOnLoad (69ms)
			ProcessInitializeOnLoadAttributes (293ms)
			ProcessInitializeOnLoadMethodAttributes (23ms)
			AfterProcessingInitializeOnLoad (0ms)
			EditorAssembliesLoaded (0ms)
		ExecutionOrderSort2 (0ms)
		AwakeInstancesAfterBackupRestoration (1ms)
WARNING: Shader Unsupported: 'Universal Render Pipeline/VR/SpatialMapping/Wireframe' - All subshaders removed
WARNING: Shader Did you use #pragma only_renderers and omit this platform?
WARNING: Shader If subshaders removal was intentional, you may have forgotten turning Fallback off?
WARNING: Shader Unsupported: 'Universal Render Pipeline/VR/SpatialMapping/Wireframe' - All subshaders removed
WARNING: Shader Did you use #pragma only_renderers and omit this platform?
WARNING: Shader If subshaders removal was intentional, you may have forgotten turning Fallback off?
Launching external process: /Applications/Unity/Hub/Editor/6000.2.8f1/Unity.app/Contents/Tools/UnityShaderCompiler
Launched and connected shader compiler UnityShaderCompiler after 0.02 seconds
Refreshing native plugins compatible for Editor in 0.35 ms, found 1 plugins.
Preloading 0 native plugins for Editor in 0.00 ms.
Unloading 63 Unused Serialized files (Serialized files now loaded: 0)
Unloading 6219 unused Assets / (11.8 MB). Loaded Objects now: 6855.
Memory consumption went from 139.0 MB to 127.3 MB.
Total: 7.368666 ms (FindLiveObjects: 0.292417 ms CreateObjectMapping: 0.118583 ms MarkObjects: 3.166792 ms  DeleteObjects: 3.790708 ms)

========================================================================
Received Import Request.
  Time since last request: 10763.666498 seconds.
  path: Assets/_Heathen Engineering/Assets/UX/Icons/Flat Icons [Free]/Free Flat Arrow 1 NE Icon.png
  artifactKey: Guid(279a7f16bcc31014ea2d1e135f042805) Importer(815301076,1909f56bfc062723c751e8b465ee728b)
Start importing Assets/_Heathen Engineering/Assets/UX/Icons/Flat Icons [Free]/Free Flat Arrow 1 NE Icon.png using Guid(279a7f16bcc31014ea2d1e135f042805) Importer(815301076,1909f56bfc062723c751e8b465ee728b) (PreviewImporter) -> (artifact id: '46bc5dddccabd0d8a9fddc198ea6dc55') in 0.038770666 seconds
Number of updated asset objects reloaded before import = 0Number of asset objects unloaded after import = 3

========================================================================
Received Import Request.
  Time since last request: 0.000050 seconds.
  path: Assets/_Heathen Engineering/Assets/UX/Icons/Flat Icons [Free]/Free Flat Battery Smooth 1 Icon.png
  artifactKey: Guid(897fca193fcbd464caf717391a549ca4) Importer(815301076,1909f56bfc062723c751e8b465ee728b)
Start importing Assets/_Heathen Engineering/Assets/UX/Icons/Flat Icons [Free]/Free Flat Battery Smooth 1 Icon.png using Guid(897fca193fcbd464caf717391a549ca4) Importer(815301076,1909f56bfc062723c751e8b465ee728b) (PreviewImporter) -> (artifact id: 'a14a0a359371d9c0528e6e8444537966') in 0.004021875 seconds
Number of updated asset objects reloaded before import = 0Number of asset objects unloaded after import = 3

========================================================================
Received Import Request.
  Time since last request: 0.000057 seconds.
  path: Assets/_Heathen Engineering/Assets/UX/Icons/Flat Icons [Free]/Free Flat Arrow 1 N Icon.png
  artifactKey: Guid(0135e3d1b81285f48997c72fd061f8d8) Importer(815301076,1909f56bfc062723c751e8b465ee728b)
Start importing Assets/_Heathen Engineering/Assets/UX/Icons/Flat Icons [Free]/Free Flat Arrow 1 N Icon.png using Guid(0135e3d1b81285f48997c72fd061f8d8) Importer(815301076,1909f56bfc062723c751e8b465ee728b) (PreviewImporter) -> (artifact id: '368e3c781d26c0a6cd537e7eb9761b5a') in 0.00408475 seconds
Number of updated asset objects reloaded before import = 0Number of asset objects unloaded after import = 3

========================================================================
Received Import Request.
  Time since last request: 0.000035 seconds.
  path: Assets/_Heathen Engineering/Assets/UX/Icons/Flat Icons [Free]/Free Flat Arrow 5 W Icon.png
  artifactKey: Guid(323bd73710daae84dbc6117dacc5c496) Importer(815301076,1909f56bfc062723c751e8b465ee728b)
Start importing Assets/_Heathen Engineering/Assets/UX/Icons/Flat Icons [Free]/Free Flat Arrow 5 W Icon.png using Guid(323bd73710daae84dbc6117dacc5c496) Importer(815301076,1909f56bfc062723c751e8b465ee728b) (PreviewImporter) -> (artifact id: 'f59ce0d196d2a435a3bf0c196ba5dd00') in 0.005376333 seconds
Number of updated asset objects reloaded before import = 0Number of asset objects unloaded after import = 3

========================================================================
Received Import Request.
  Time since last request: 0.000038 seconds.
  path: Assets/_Heathen Engineering/Assets/UX/Icons/Flat Icons [Free]/Free Flat Button Solid Left 3 Icon.png
  artifactKey: Guid(18e5191cf4ec7cb4fb09b913d3cb123f) Importer(815301076,1909f56bfc062723c751e8b465ee728b)
Start importing Assets/_Heathen Engineering/Assets/UX/Icons/Flat Icons [Free]/Free Flat Button Solid Left 3 Icon.png using Guid(18e5191cf4ec7cb4fb09b913d3cb123f) Importer(815301076,1909f56bfc062723c751e8b465ee728b) (PreviewImporter) -> (artifact id: 'a7d87bd955b4d523f1e7584ce4e58094') in 0.005705667 seconds
Number of updated asset objects reloaded before import = 0Number of asset objects unloaded after import = 3

========================================================================
Received Import Request.
  Time since last request: 0.000038 seconds.
  path: Assets/_Heathen Engineering/Assets/UX/Icons/Flat Icons [Free]/Free Flat Button Solid B Icon.png
  artifactKey: Guid(f4e83e5b560bef7408b322d1703b4d22) Importer(815301076,1909f56bfc062723c751e8b465ee728b)
Start importing Assets/_Heathen Engineering/Assets/UX/Icons/Flat Icons [Free]/Free Flat Button Solid B Icon.png using Guid(f4e83e5b560bef7408b322d1703b4d22) Importer(815301076,1909f56bfc062723c751e8b465ee728b) (PreviewImporter) -> (artifact id: '084421e04274195863fd5595fb6720bb') in 0.005055 seconds
Number of updated asset objects reloaded before import = 0Number of asset objects unloaded after import = 3

========================================================================
Received Import Request.
  Time since last request: 0.000027 seconds.
  path: Assets/_Heathen Engineering/Assets/UX/Icons/Flat Icons [Free]/Free Flat Arrow 3 SE Icon.png
  artifactKey: Guid(d5882ef03c430c342ab211e6c2ceb253) Importer(815301076,1909f56bfc062723c751e8b465ee728b)
Start importing Assets/_Heathen Engineering/Assets/UX/Icons/Flat Icons [Free]/Free Flat Arrow 3 SE Icon.png using Guid(d5882ef03c430c342ab211e6c2ceb253) Importer(815301076,1909f56bfc062723c751e8b465ee728b) (PreviewImporter) -> (artifact id: '5f6917225c51f4a485cbb7d16773d730') in 0.005220916 seconds
Number of updated asset objects reloaded before import = 0Number of asset objects unloaded after import = 3

========================================================================
Received Import Request.
  Time since last request: 0.000043 seconds.
  path: Assets/_Heathen Engineering/Assets/UX/Icons/Flat Icons [Free]/Free Flat Battery Smooth 4 Icon.png
  artifactKey: Guid(f9633802d07c8534b822260661b2dcdb) Importer(815301076,1909f56bfc062723c751e8b465ee728b)
Start importing Assets/_Heathen Engineering/Assets/UX/Icons/Flat Icons [Free]/Free Flat Battery Smooth 4 Icon.png using Guid(f9633802d07c8534b822260661b2dcdb) Importer(815301076,1909f56bfc062723c751e8b465ee728b) (PreviewImporter) -> (artifact id: 'c78c7d123be899d961da4ec199a2018c') in 0.005175209 seconds
Number of updated asset objects reloaded before import = 0Number of asset objects unloaded after import = 3

========================================================================
Received Import Request.
  Time since last request: 0.000030 seconds.
  path: Assets/_Heathen Engineering/Assets/UX/Icons/Flat Icons [Free]/Free Flat Arrow 2 NW Icon.png
  artifactKey: Guid(afa13aa3dd1037b4684bb0e9a8e18d8f) Importer(815301076,1909f56bfc062723c751e8b465ee728b)
Start importing Assets/_Heathen Engineering/Assets/UX/Icons/Flat Icons [Free]/Free Flat Arrow 2 NW Icon.png using Guid(afa13aa3dd1037b4684bb0e9a8e18d8f) Importer(815301076,1909f56bfc062723c751e8b465ee728b) (PreviewImporter) -> (artifact id: '97fe209f295128377d8f683d9beefefe') in 0.004688625 seconds
Number of updated asset objects reloaded before import = 0Number of asset objects unloaded after import = 3

========================================================================
Received Import Request.
  Time since last request: 0.000026 seconds.
  path: Assets/_Heathen Engineering/Assets/UX/Icons/Flat Icons [Free]/Free Flat Arrow 2 W Icon.png
  artifactKey: Guid(23add5d3efd8ecd49af5c748108f341b) Importer(815301076,1909f56bfc062723c751e8b465ee728b)
Start importing Assets/_Heathen Engineering/Assets/UX/Icons/Flat Icons [Free]/Free Flat Arrow 2 W Icon.png using Guid(23add5d3efd8ecd49af5c748108f341b) Importer(815301076,1909f56bfc062723c751e8b465ee728b) (PreviewImporter) -> (artifact id: 'e3e4b916feac5db4fe12a4ce329a3408') in 0.005172333 seconds
Number of updated asset objects reloaded before import = 0Number of asset objects unloaded after import = 3

========================================================================
Received Import Request.
  Time since last request: 0.000038 seconds.
  path: Assets/_Heathen Engineering/Assets/UX/Icons/Flat Icons [Free]/Free Flat Button Blank Triangle Icon.png
  artifactKey: Guid(7b25fbafa09b7ed4c853b32bed5e90f4) Importer(815301076,1909f56bfc062723c751e8b465ee728b)
Start importing Assets/_Heathen Engineering/Assets/UX/Icons/Flat Icons [Free]/Free Flat Button Blank Triangle Icon.png using Guid(7b25fbafa09b7ed4c853b32bed5e90f4) Importer(815301076,1909f56bfc062723c751e8b465ee728b) (PreviewImporter) -> (artifact id: 'd309981f9914599088c0c8e713f19cb2') in 0.005605542 seconds
Number of updated asset objects reloaded before import = 0Number of asset objects unloaded after import = 3

========================================================================
Received Import Request.
  Time since last request: 0.000031 seconds.
  path: Assets/_Heathen Engineering/Assets/UX/Icons/Flat Icons [Free]/Free Flat Battery Tick 3 Icon.png
  artifactKey: Guid(6c7218760d7e1b041a1cbf797895f78a) Importer(815301076,1909f56bfc062723c751e8b465ee728b)
Start importing Assets/_Heathen Engineering/Assets/UX/Icons/Flat Icons [Free]/Free Flat Battery Tick 3 Icon.png using Guid(6c7218760d7e1b041a1cbf797895f78a) Importer(815301076,1909f56bfc062723c751e8b465ee728b) (PreviewImporter) -> (artifact id: '91c0e2c460c74da355601f0e52f72c93') in 0.004011542 seconds
Number of updated asset objects reloaded before import = 0Number of asset objects unloaded after import = 3

========================================================================
Received Import Request.
  Time since last request: 0.000025 seconds.
  path: Assets/_Heathen Engineering/Assets/UX/Icons/Flat Icons [Free]/Free Flat Arrow 5 SE Icon.png
  artifactKey: Guid(346d57798d5f0444aaea807128d42e2e) Importer(815301076,1909f56bfc062723c751e8b465ee728b)
Start importing Assets/_Heathen Engineering/Assets/UX/Icons/Flat Icons [Free]/Free Flat Arrow 5 SE Icon.png using Guid(346d57798d5f0444aaea807128d42e2e) Importer(815301076,1909f56bfc062723c751e8b465ee728b) (PreviewImporter) -> (artifact id: '7c9b7926998f2c4995dbbd847fe68751') in 0.003554 seconds
Number of updated asset objects reloaded before import = 0Number of asset objects unloaded after import = 3

========================================================================
Received Import Request.
  Time since last request: 0.000038 seconds.
  path: Assets/_Heathen Engineering/Assets/UX/Icons/Flat Icons [Free]/Free Flat Arrow 7 E Icon.png
  artifactKey: Guid(3f18113a534a8544d94b42a95ef80ba4) Importer(815301076,1909f56bfc062723c751e8b465ee728b)
Start importing Assets/_Heathen Engineering/Assets/UX/Icons/Flat Icons [Free]/Free Flat Arrow 7 E Icon.png using Guid(3f18113a534a8544d94b42a95ef80ba4) Importer(815301076,1909f56bfc062723c751e8b465ee728b) (PreviewImporter) -> (artifact id: 'a7bfc13987fb81505e456f0ef027adb6') in 0.004012667 seconds
Number of updated asset objects reloaded before import = 0Number of asset objects unloaded after import = 3

========================================================================
Received Import Request.
  Time since last request: 0.000039 seconds.
  path: Assets/_Heathen Engineering/Assets/UX/Icons/Flat Icons [Free]/Free Flat Border Single 2pt Icon.png
  artifactKey: Guid(d3583677195ecc645bee6ca3d5c03068) Importer(815301076,1909f56bfc062723c751e8b465ee728b)
Start importing Assets/_Heathen Engineering/Assets/UX/Icons/Flat Icons [Free]/Free Flat Border Single 2pt Icon.png using Guid(d3583677195ecc645bee6ca3d5c03068) Importer(815301076,1909f56bfc062723c751e8b465ee728b) (PreviewImporter) -> (artifact id: 'de8b47ca606683bd8b6a1fde648bd82e') in 0.004807167 seconds
Number of updated asset objects reloaded before import = 0Number of asset objects unloaded after import = 3

========================================================================
Received Import Request.
  Time since last request: 0.000038 seconds.
  path: Assets/_Heathen Engineering/Assets/UX/Icons/Flat Icons [Free]/Free Flat Arrow 4 S Icon.png
  artifactKey: Guid(eec1e2ce573a2614cbf0ced6d609e47b) Importer(815301076,1909f56bfc062723c751e8b465ee728b)
Start importing Assets/_Heathen Engineering/Assets/UX/Icons/Flat Icons [Free]/Free Flat Arrow 4 S Icon.png using Guid(eec1e2ce573a2614cbf0ced6d609e47b) Importer(815301076,1909f56bfc062723c751e8b465ee728b) (PreviewImporter) -> (artifact id: '64d87e1b98e9f8984a15073de63db7f6') in 0.004704875 seconds
Number of updated asset objects reloaded before import = 0Number of asset objects unloaded after import = 3

========================================================================
Received Import Request.
  Time since last request: 0.000035 seconds.
  path: Assets/_Heathen Engineering/Assets/UX/Icons/Flat Icons [Free]/Free Flat Battery Tick 5 Icon.png
  artifactKey: Guid(04bc28bea5a22c644b2f8b78da6de920) Importer(815301076,1909f56bfc062723c751e8b465ee728b)
Start importing Assets/_Heathen Engineering/Assets/UX/Icons/Flat Icons [Free]/Free Flat Battery Tick 5 Icon.png using Guid(04bc28bea5a22c644b2f8b78da6de920) Importer(815301076,1909f56bfc062723c751e8b465ee728b) (PreviewImporter) -> (artifact id: '9b1d1d2d8b2b52a96a6f1da2ca1ffb2f') in 0.004876042 seconds
Number of updated asset objects reloaded before import = 0Number of asset objects unloaded after import = 3

========================================================================
Received Import Request.
  Time since last request: 0.000037 seconds.
  path: Assets/_Heathen Engineering/Assets/UX/Icons/Flat Icons [Free]/Free Flat Button Blank Left 3 Icon.png
  artifactKey: Guid(4f3012bd5d70cd841b352ad5afdb9c3c) Importer(815301076,1909f56bfc062723c751e8b465ee728b)
Start importing Assets/_Heathen Engineering/Assets/UX/Icons/Flat Icons [Free]/Free Flat Button Blank Left 3 Icon.png using Guid(4f3012bd5d70cd841b352ad5afdb9c3c) Importer(815301076,1909f56bfc062723c751e8b465ee728b) (PreviewImporter) -> (artifact id: '804bb4e8127af0549188ca9fb0f8a4ae') in 0.003956041 seconds
Number of updated asset objects reloaded before import = 0Number of asset objects unloaded after import = 3

========================================================================
Received Import Request.
  Time since last request: 0.000035 seconds.
  path: Assets/_Heathen Engineering/Assets/UX/Icons/Flat Icons [Free]/Free Flat Button Blank Left Icon.png
  artifactKey: Guid(ced01e781c3826c448f19d0a7e13d7dc) Importer(815301076,1909f56bfc062723c751e8b465ee728b)
Start importing Assets/_Heathen Engineering/Assets/UX/Icons/Flat Icons [Free]/Free Flat Button Blank Left Icon.png using Guid(ced01e781c3826c448f19d0a7e13d7dc) Importer(815301076,1909f56bfc062723c751e8b465ee728b) (PreviewImporter) -> (artifact id: 'e2c71040b20e572c6c18afd1c2059551') in 0.004329083 seconds
Number of updated asset objects reloaded before import = 0Number of asset objects unloaded after import = 3

========================================================================
Received Import Request.
  Time since last request: 0.000040 seconds.
  path: Assets/_Heathen Engineering/Assets/UX/Icons/Flat Icons [Free]/Free Flat Border Double 1-2pt Icon.png
  artifactKey: Guid(92a6e63d8da7f3342b5c23c8da734580) Importer(815301076,1909f56bfc062723c751e8b465ee728b)
Start importing Assets/_Heathen Engineering/Assets/UX/Icons/Flat Icons [Free]/Free Flat Border Double 1-2pt Icon.png using Guid(92a6e63d8da7f3342b5c23c8da734580) Importer(815301076,1909f56bfc062723c751e8b465ee728b) (PreviewImporter) -> (artifact id: '045c233160ef8922f42b2cfb77d667ac') in 0.003455792 seconds
Number of updated asset objects reloaded before import = 0Number of asset objects unloaded after import = 3

========================================================================
Received Import Request.
  Time since last request: 0.000033 seconds.
  path: Assets/_Heathen Engineering/Assets/UX/Icons/Flat Icons [Free]/Free Flat Border Double 1-3pt Icon.png
  artifactKey: Guid(71a05f27a813b0b40ba97c72bf8c59f8) Importer(815301076,1909f56bfc062723c751e8b465ee728b)
Start importing Assets/_Heathen Engineering/Assets/UX/Icons/Flat Icons [Free]/Free Flat Border Double 1-3pt Icon.png using Guid(71a05f27a813b0b40ba97c72bf8c59f8) Importer(815301076,1909f56bfc062723c751e8b465ee728b) (PreviewImporter) -> (artifact id: '9139eee6bf3cd1a9bcd7d6058c1cada7') in 0.00324075 seconds
Number of updated asset objects reloaded before import = 0Number of asset objects unloaded after import = 3

========================================================================
Received Import Request.
  Time since last request: 0.000036 seconds.
  path: Assets/_Heathen Engineering/Assets/UX/Icons/Flat Icons [Free]/Free Flat Button Solid Left Bumper Icon.png
  artifactKey: Guid(6f2bf985368854e409f94054cafc28b4) Importer(815301076,1909f56bfc062723c751e8b465ee728b)
Start importing Assets/_Heathen Engineering/Assets/UX/Icons/Flat Icons [Free]/Free Flat Button Solid Left Bumper Icon.png using Guid(6f2bf985368854e409f94054cafc28b4) Importer(815301076,1909f56bfc062723c751e8b465ee728b) (PreviewImporter) -> (artifact id: '819692fb62bb293870d33b93a87e14a8') in 0.004061 seconds
Number of updated asset objects reloaded before import = 0Number of asset objects unloaded after import = 3

========================================================================
Received Import Request.
  Time since last request: 0.000038 seconds.
  path: Assets/_Heathen Engineering/Assets/UX/Icons/Flat Icons [Free]/Free Flat Border Single 6pt Icon.png
  artifactKey: Guid(90be2c78025cc29449fdd74841bb3484) Importer(815301076,1909f56bfc062723c751e8b465ee728b)
Start importing Assets/_Heathen Engineering/Assets/UX/Icons/Flat Icons [Free]/Free Flat Border Single 6pt Icon.png using Guid(90be2c78025cc29449fdd74841bb3484) Importer(815301076,1909f56bfc062723c751e8b465ee728b) (PreviewImporter) -> (artifact id: '93e70af761b8de246f40a944fb3e23bd') in 0.002888208 seconds
Number of updated asset objects reloaded before import = 0Number of asset objects unloaded after import = 3

========================================================================
Received Import Request.
  Time since last request: 0.000034 seconds.
  path: Assets/_Heathen Engineering/Assets/UX/Icons/Flat Icons [Free]/Free Flat Arrow 5 S Icon.png
  artifactKey: Guid(d6335867c9dc6514aacb877716335be6) Importer(815301076,1909f56bfc062723c751e8b465ee728b)
Start importing Assets/_Heathen Engineering/Assets/UX/Icons/Flat Icons [Free]/Free Flat Arrow 5 S Icon.png using Guid(d6335867c9dc6514aacb877716335be6) Importer(815301076,1909f56bfc062723c751e8b465ee728b) (PreviewImporter) -> (artifact id: '324e2bb8b12bd4d59b974482e48dd362') in 0.00440225 seconds
Number of updated asset objects reloaded before import = 0Number of asset objects unloaded after import = 3

========================================================================
Received Import Request.
  Time since last request: 0.000026 seconds.
  path: Assets/_Heathen Engineering/Assets/UX/Icons/Flat Icons [Free]/Free Flat Button Solid Right 3 Icon.png
  artifactKey: Guid(e5ac73b6ab71b5446a70c3cf954f4d2f) Importer(815301076,1909f56bfc062723c751e8b465ee728b)
Start importing Assets/_Heathen Engineering/Assets/UX/Icons/Flat Icons [Free]/Free Flat Button Solid Right 3 Icon.png using Guid(e5ac73b6ab71b5446a70c3cf954f4d2f) Importer(815301076,1909f56bfc062723c751e8b465ee728b) (PreviewImporter) -> (artifact id: '26308212edcb8822fd93cb88bb7dfe6a') in 0.00447325 seconds
Number of updated asset objects reloaded before import = 0Number of asset objects unloaded after import = 3

========================================================================
Received Import Request.
  Time since last request: 0.000034 seconds.
  path: Assets/_Heathen Engineering/Assets/UX/Icons/Flat Icons [Free]/Free Flat Arrow 5 NE Icon.png
  artifactKey: Guid(8f76f869ee326b343a73aae09f60ed73) Importer(815301076,1909f56bfc062723c751e8b465ee728b)
Start importing Assets/_Heathen Engineering/Assets/UX/Icons/Flat Icons [Free]/Free Flat Arrow 5 NE Icon.png using Guid(8f76f869ee326b343a73aae09f60ed73) Importer(815301076,1909f56bfc062723c751e8b465ee728b) (PreviewImporter) -> (artifact id: '58d6a93e3877b49833e62767da955ce3') in 0.003713625 seconds
Number of updated asset objects reloaded before import = 0Number of asset objects unloaded after import = 3

========================================================================
Received Import Request.
  Time since last request: 0.000043 seconds.
  path: Assets/_Heathen Engineering/Assets/UX/Icons/Flat Icons [Free]/Free Flat Arrow Curved Left 1 Icon.png
  artifactKey: Guid(1e08dbd0de1d24b4fa9ac49c8b10c0fe) Importer(815301076,1909f56bfc062723c751e8b465ee728b)
Start importing Assets/_Heathen Engineering/Assets/UX/Icons/Flat Icons [Free]/Free Flat Arrow Curved Left 1 Icon.png using Guid(1e08dbd0de1d24b4fa9ac49c8b10c0fe) Importer(815301076,1909f56bfc062723c751e8b465ee728b) (PreviewImporter) -> (artifact id: 'e713ae1e870ad29b766cbcb1ca59bcf1') in 0.0044525 seconds
Number of updated asset objects reloaded before import = 0Number of asset objects unloaded after import = 3

========================================================================
Received Import Request.
  Time since last request: 0.000041 seconds.
  path: Assets/_Heathen Engineering/Assets/UX/Icons/Flat Icons [Free]/Free Flat Arrow 5 SW Icon.png
  artifactKey: Guid(66cea11fb6a86534ab82d8712d6f782b) Importer(815301076,1909f56bfc062723c751e8b465ee728b)
Start importing Assets/_Heathen Engineering/Assets/UX/Icons/Flat Icons [Free]/Free Flat Arrow 5 SW Icon.png using Guid(66cea11fb6a86534ab82d8712d6f782b) Importer(815301076,1909f56bfc062723c751e8b465ee728b) (PreviewImporter) -> (artifact id: 'd7ee60a902c0cc78bc1324899f5d8b90') in 0.003723 seconds
Number of updated asset objects reloaded before import = 0Number of asset objects unloaded after import = 3

========================================================================
Received Import Request.
  Time since last request: 0.000043 seconds.
  path: Assets/_Heathen Engineering/Assets/UX/Icons/Flat Icons [Free]/Free Flat Arrow 3 E Icon.png
  artifactKey: Guid(2750da8e4b41f294090c5d2a83c0992f) Importer(815301076,1909f56bfc062723c751e8b465ee728b)
Start importing Assets/_Heathen Engineering/Assets/UX/Icons/Flat Icons [Free]/Free Flat Arrow 3 E Icon.png using Guid(2750da8e4b41f294090c5d2a83c0992f) Importer(815301076,1909f56bfc062723c751e8b465ee728b) (PreviewImporter) -> (artifact id: '9c221cd7b22c83adaca8a4189fbe2340') in 0.004422958 seconds
Number of updated asset objects reloaded before import = 0Number of asset objects unloaded after import = 3

========================================================================
Received Import Request.
  Time since last request: 0.000039 seconds.
  path: Assets/_Heathen Engineering/Assets/UX/Icons/Flat Icons [Free]/Free Flat Border Double 2-1pt Icon.png
  artifactKey: Guid(01e5a57de5f823146b89862d2f42f93b) Importer(815301076,1909f56bfc062723c751e8b465ee728b)
Start importing Assets/_Heathen Engineering/Assets/UX/Icons/Flat Icons [Free]/Free Flat Border Double 2-1pt Icon.png using Guid(01e5a57de5f823146b89862d2f42f93b) Importer(815301076,1909f56bfc062723c751e8b465ee728b) (PreviewImporter) -> (artifact id: 'a3bc6527c79bb122cde3d357f0d85c58') in 0.003985875 seconds
Number of updated asset objects reloaded before import = 0Number of asset objects unloaded after import = 3

========================================================================
Received Import Request.
  Time since last request: 0.000038 seconds.
  path: Assets/_Heathen Engineering/Assets/UX/Icons/Flat Icons [Free]/Free Flat Arrow 6 NW Icon.png
  artifactKey: Guid(6525d93bdc5c93142a517c6f47ef8545) Importer(815301076,1909f56bfc062723c751e8b465ee728b)
Start importing Assets/_Heathen Engineering/Assets/UX/Icons/Flat Icons [Free]/Free Flat Arrow 6 NW Icon.png using Guid(6525d93bdc5c93142a517c6f47ef8545) Importer(815301076,1909f56bfc062723c751e8b465ee728b) (PreviewImporter) -> (artifact id: 'd4a182db1c795d25a3f92a047cb04ee0') in 0.00451725 seconds
Number of updated asset objects reloaded before import = 0Number of asset objects unloaded after import = 3

========================================================================
Received Import Request.
  Time since last request: 0.000036 seconds.
  path: Assets/_Heathen Engineering/Assets/UX/Icons/Flat Icons [Free]/Free Flat Button Blank B Icon.png
  artifactKey: Guid(afcf80015f5ff514fb2494b415eeb6e8) Importer(815301076,1909f56bfc062723c751e8b465ee728b)
Start importing Assets/_Heathen Engineering/Assets/UX/Icons/Flat Icons [Free]/Free Flat Button Blank B Icon.png using Guid(afcf80015f5ff514fb2494b415eeb6e8) Importer(815301076,1909f56bfc062723c751e8b465ee728b) (PreviewImporter) -> (artifact id: '3eeaa560b26c462fd63958644033372e') in 0.004292 seconds
Number of updated asset objects reloaded before import = 0Number of asset objects unloaded after import = 3

========================================================================
Received Import Request.
  Time since last request: 0.000040 seconds.
  path: Assets/_Heathen Engineering/Assets/UX/Icons/Flat Icons [Free]/Free Flat Border Double 1-4pt Icon.png
  artifactKey: Guid(23cfec53737da0341b6ed0bc5b46582c) Importer(815301076,1909f56bfc062723c751e8b465ee728b)
Start importing Assets/_Heathen Engineering/Assets/UX/Icons/Flat Icons [Free]/Free Flat Border Double 1-4pt Icon.png using Guid(23cfec53737da0341b6ed0bc5b46582c) Importer(815301076,1909f56bfc062723c751e8b465ee728b) (PreviewImporter) -> (artifact id: '3e250130757dfb270a8070d18a72866f') in 0.003579958 seconds
Number of updated asset objects reloaded before import = 0Number of asset objects unloaded after import = 3

========================================================================
Received Import Request.
  Time since last request: 0.000040 seconds.
  path: Assets/_Heathen Engineering/Assets/UX/Icons/Flat Icons [Free]/Free Flat Button Blank Square Icon.png
  artifactKey: Guid(786aa4bc4afe21e4aab9aa3fa82d0c8b) Importer(815301076,1909f56bfc062723c751e8b465ee728b)
Start importing Assets/_Heathen Engineering/Assets/UX/Icons/Flat Icons [Free]/Free Flat Button Blank Square Icon.png using Guid(786aa4bc4afe21e4aab9aa3fa82d0c8b) Importer(815301076,1909f56bfc062723c751e8b465ee728b) (PreviewImporter) -> (artifact id: '80ae2eedc5bb64b952f6c85ae3533758') in 0.004426041 seconds
Number of updated asset objects reloaded before import = 0Number of asset objects unloaded after import = 3

========================================================================
Received Import Request.
  Time since last request: 0.000030 seconds.
  path: Assets/_Heathen Engineering/Assets/UX/Icons/Flat Icons [Free]/Free Flat Button Blank A Icon.png
  artifactKey: Guid(9b33052baeedce34f9d3fb0bd54ee01e) Importer(815301076,1909f56bfc062723c751e8b465ee728b)
Start importing Assets/_Heathen Engineering/Assets/UX/Icons/Flat Icons [Free]/Free Flat Button Blank A Icon.png using Guid(9b33052baeedce34f9d3fb0bd54ee01e) Importer(815301076,1909f56bfc062723c751e8b465ee728b) (PreviewImporter) -> (artifact id: '528eb95d51d7e11d7f09a419626e3a05') in 0.003675208 seconds
Number of updated asset objects reloaded before import = 0Number of asset objects unloaded after import = 3

========================================================================
Received Import Request.
  Time since last request: 0.000038 seconds.
  path: Assets/_Heathen Engineering/Assets/UX/Icons/Flat Icons [Free]/Free Flat Arrow 6 SE Icon.png
  artifactKey: Guid(d4622e6f5db00d741b8679abf793e099) Importer(815301076,1909f56bfc062723c751e8b465ee728b)
Start importing Assets/_Heathen Engineering/Assets/UX/Icons/Flat Icons [Free]/Free Flat Arrow 6 SE Icon.png using Guid(d4622e6f5db00d741b8679abf793e099) Importer(815301076,1909f56bfc062723c751e8b465ee728b) (PreviewImporter) -> (artifact id: '7528997a7cc61440ba723be4bb57ce4b') in 0.004319042 seconds
Number of updated asset objects reloaded before import = 0Number of asset objects unloaded after import = 3

========================================================================
Received Import Request.
  Time since last request: 0.000035 seconds.
  path: Assets/_Heathen Engineering/Assets/UX/Icons/Flat Icons [Free]/Free Flat Button Solid Left Icon.png
  artifactKey: Guid(f610d61d0fea207459ce90dcbb4ea0fc) Importer(815301076,1909f56bfc062723c751e8b465ee728b)
Start importing Assets/_Heathen Engineering/Assets/UX/Icons/Flat Icons [Free]/Free Flat Button Solid Left Icon.png using Guid(f610d61d0fea207459ce90dcbb4ea0fc) Importer(815301076,1909f56bfc062723c751e8b465ee728b) (PreviewImporter) -> (artifact id: 'd9240bc23d728d3442b42de18c3e795e') in 0.004268583 seconds
Number of updated asset objects reloaded before import = 0Number of asset objects unloaded after import = 3

========================================================================
Received Import Request.
  Time since last request: 0.000047 seconds.
  path: Assets/_Heathen Engineering/Assets/UX/Icons/Flat Icons [Free]/Free Flat Arrow 2 SW Icon.png
  artifactKey: Guid(b986971d1c7b79f4da924287d73529da) Importer(815301076,1909f56bfc062723c751e8b465ee728b)
Start importing Assets/_Heathen Engineering/Assets/UX/Icons/Flat Icons [Free]/Free Flat Arrow 2 SW Icon.png using Guid(b986971d1c7b79f4da924287d73529da) Importer(815301076,1909f56bfc062723c751e8b465ee728b) (PreviewImporter) -> (artifact id: '5d31cd1b584cb5e1c43f14c3dcb04e7c') in 0.004679833 seconds
Number of updated asset objects reloaded before import = 0Number of asset objects unloaded after import = 3

========================================================================
Received Import Request.
  Time since last request: 0.000040 seconds.
  path: Assets/_Heathen Engineering/Assets/UX/Icons/Flat Icons [Free]/Free Flat Button Blank Right Bumper Icon.png
  artifactKey: Guid(b988e45b20744634e8f05906f78dfdb1) Importer(815301076,1909f56bfc062723c751e8b465ee728b)
Start importing Assets/_Heathen Engineering/Assets/UX/Icons/Flat Icons [Free]/Free Flat Button Blank Right Bumper Icon.png using Guid(b988e45b20744634e8f05906f78dfdb1) Importer(815301076,1909f56bfc062723c751e8b465ee728b) (PreviewImporter) -> (artifact id: 'a80e73994580ac636914082c3c9b5de9') in 0.004044917 seconds
Number of updated asset objects reloaded before import = 0Number of asset objects unloaded after import = 3

========================================================================
Received Import Request.
  Time since last request: 0.000029 seconds.
  path: Assets/_Heathen Engineering/Assets/UX/Icons/Flat Icons [Free]/Free Flat Arrow 7 NW Icon.png
  artifactKey: Guid(ccc4a761be474794aa34e8820d384ff4) Importer(815301076,1909f56bfc062723c751e8b465ee728b)
Start importing Assets/_Heathen Engineering/Assets/UX/Icons/Flat Icons [Free]/Free Flat Arrow 7 NW Icon.png using Guid(ccc4a761be474794aa34e8820d384ff4) Importer(815301076,1909f56bfc062723c751e8b465ee728b) (PreviewImporter) -> (artifact id: '2e63d04f04408023ba1e92defbd8ebae') in 0.004632916 seconds
Number of updated asset objects reloaded before import = 0Number of asset objects unloaded after import = 3

========================================================================
Received Import Request.
  Time since last request: 0.000041 seconds.
  path: Assets/_Heathen Engineering/Assets/UX/Icons/Flat Icons [Free]/Free Flat Arrow 2 N Icon.png
  artifactKey: Guid(d10be4c155f6e254a998cc68201d1afc) Importer(815301076,1909f56bfc062723c751e8b465ee728b)
Start importing Assets/_Heathen Engineering/Assets/UX/Icons/Flat Icons [Free]/Free Flat Arrow 2 N Icon.png using Guid(d10be4c155f6e254a998cc68201d1afc) Importer(815301076,1909f56bfc062723c751e8b465ee728b) (PreviewImporter) -> (artifact id: '46fd08e82581a311073b91b9f1af78cb') in 0.004389792 seconds
Number of updated asset objects reloaded before import = 0Number of asset objects unloaded after import = 3

========================================================================
Received Import Request.
  Time since last request: 0.000037 seconds.
  path: Assets/_Heathen Engineering/Assets/UX/Icons/Flat Icons [Free]/Free Flat Button Solid A Icon.png
  artifactKey: Guid(19b84d13b4e51a64b8aa6f9532611ef6) Importer(815301076,1909f56bfc062723c751e8b465ee728b)
Start importing Assets/_Heathen Engineering/Assets/UX/Icons/Flat Icons [Free]/Free Flat Button Solid A Icon.png using Guid(19b84d13b4e51a64b8aa6f9532611ef6) Importer(815301076,1909f56bfc062723c751e8b465ee728b) (PreviewImporter) -> (artifact id: '3dca1a4b80d8de8fa12685bdbbaf09bb') in 0.0066485 seconds
Number of updated asset objects reloaded before import = 0Number of asset objects unloaded after import = 3

========================================================================
Received Import Request.
  Time since last request: 0.000022 seconds.
  path: Assets/_Heathen Engineering/Assets/UX/Icons/Flat Icons [Free]/Free Flat Button Solid Right Icon.png
  artifactKey: Guid(133177f5811aded4995e8f89f46aee00) Importer(815301076,1909f56bfc062723c751e8b465ee728b)
Start importing Assets/_Heathen Engineering/Assets/UX/Icons/Flat Icons [Free]/Free Flat Button Solid Right Icon.png using Guid(133177f5811aded4995e8f89f46aee00) Importer(815301076,1909f56bfc062723c751e8b465ee728b) (PreviewImporter) -> (artifact id: 'e9df9d99a25c4772b58b1d1db3127915') in 0.00435075 seconds
Number of updated asset objects reloaded before import = 0Number of asset objects unloaded after import = 3

========================================================================
Received Import Request.
  Time since last request: 0.000050 seconds.
  path: Assets/_Heathen Engineering/Assets/UX/Icons/Flat Icons [Free]/Free Flat Battery Empty Icon.png
  artifactKey: Guid(52ef2ea9601187e4c9fd3db7dd7027f3) Importer(815301076,1909f56bfc062723c751e8b465ee728b)
Start importing Assets/_Heathen Engineering/Assets/UX/Icons/Flat Icons [Free]/Free Flat Battery Empty Icon.png using Guid(52ef2ea9601187e4c9fd3db7dd7027f3) Importer(815301076,1909f56bfc062723c751e8b465ee728b) (PreviewImporter) -> (artifact id: '180ffd051a54c5da12ad74b3ca05dee6') in 0.004708209 seconds
Number of updated asset objects reloaded before import = 0Number of asset objects unloaded after import = 3

========================================================================
Received Import Request.
  Time since last request: 0.023504 seconds.
  path: Assets/_Heathen Engineering/Assets/UX/Icons/Flat Icons [Free]/Free Flat Button Solid Right Trigger Icon.png
  artifactKey: Guid(b5acca5b493797f4eb71cb59d573ffc9) Importer(815301076,1909f56bfc062723c751e8b465ee728b)
Start importing Assets/_Heathen Engineering/Assets/UX/Icons/Flat Icons [Free]/Free Flat Button Solid Right Trigger Icon.png using Guid(b5acca5b493797f4eb71cb59d573ffc9) Importer(815301076,1909f56bfc062723c751e8b465ee728b) (PreviewImporter) -> (artifact id: '48870a490bf269a4eb599019f35d3127') in 0.004171833 seconds
Number of updated asset objects reloaded before import = 0Number of asset objects unloaded after import = 3

========================================================================
Received Import Request.
  Time since last request: 0.000050 seconds.
  path: Assets/_Heathen Engineering/Assets/UX/Icons/Flat Icons [Free]/Free Flat Chat 1 Bars Icon.png
  artifactKey: Guid(b14a97e41c4b4434092e87d6ceb06183) Importer(815301076,1909f56bfc062723c751e8b465ee728b)
Start importing Assets/_Heathen Engineering/Assets/UX/Icons/Flat Icons [Free]/Free Flat Chat 1 Bars Icon.png using Guid(b14a97e41c4b4434092e87d6ceb06183) Importer(815301076,1909f56bfc062723c751e8b465ee728b) (PreviewImporter) -> (artifact id: '2e51d0ba0c833100382bb94af4307c07') in 0.004772083 seconds
Number of updated asset objects reloaded before import = 0Number of asset objects unloaded after import = 3

========================================================================
Received Import Request.
  Time since last request: 0.000038 seconds.
  path: Assets/_Heathen Engineering/Assets/UX/Icons/Flat Icons [Free]/Free Flat Chat 2 Bars Icon.png
  artifactKey: Guid(1639b79b49ea92841a885cc7c3f1d900) Importer(815301076,1909f56bfc062723c751e8b465ee728b)
Start importing Assets/_Heathen Engineering/Assets/UX/Icons/Flat Icons [Free]/Free Flat Chat 2 Bars Icon.png using Guid(1639b79b49ea92841a885cc7c3f1d900) Importer(815301076,1909f56bfc062723c751e8b465ee728b) (PreviewImporter) -> (artifact id: '73e3bc2aeae503f48bc07f57918085f2') in 0.004042584 seconds
Number of updated asset objects reloaded before import = 0Number of asset objects unloaded after import = 3

========================================================================
Received Import Request.
  Time since last request: 0.000037 seconds.
  path: Assets/_Heathen Engineering/Assets/UX/Icons/Flat Icons [Free]/Free Flat Button Solid Y Icon.png
  artifactKey: Guid(f3565a7a017759148b71fa384df16242) Importer(815301076,1909f56bfc062723c751e8b465ee728b)
Start importing Assets/_Heathen Engineering/Assets/UX/Icons/Flat Icons [Free]/Free Flat Button Solid Y Icon.png using Guid(f3565a7a017759148b71fa384df16242) Importer(815301076,1909f56bfc062723c751e8b465ee728b) (PreviewImporter) -> (artifact id: '2926cf2dc605bea0d10d8420172b90b6') in 0.004598166 seconds
Number of updated asset objects reloaded before import = 0Number of asset objects unloaded after import = 3

========================================================================
Received Import Request.
  Time since last request: 0.166596 seconds.
  path: Assets/_Heathen Engineering/Assets/UX/Icons/Flat Icons [Free]/Free Flat Chat 2 Blank Icon.png
  artifactKey: Guid(da3f1e13ca1ae7f478c9b1a43fe699a8) Importer(815301076,1909f56bfc062723c751e8b465ee728b)
Start importing Assets/_Heathen Engineering/Assets/UX/Icons/Flat Icons [Free]/Free Flat Chat 2 Blank Icon.png using Guid(da3f1e13ca1ae7f478c9b1a43fe699a8) Importer(815301076,1909f56bfc062723c751e8b465ee728b) (PreviewImporter) -> (artifact id: 'd235b306575b89b2b094e6b02316b465') in 0.004243083 seconds
Number of updated asset objects reloaded before import = 0Number of asset objects unloaded after import = 3

========================================================================
Received Import Request.
  Time since last request: 0.000033 seconds.
  path: Assets/_Heathen Engineering/Assets/UX/Icons/Flat Icons [Free]/Free Flat Chat 3 Blank Icon.png
  artifactKey: Guid(c7986faa57fc5ab478937d4fed66b1bb) Importer(815301076,1909f56bfc062723c751e8b465ee728b)
Start importing Assets/_Heathen Engineering/Assets/UX/Icons/Flat Icons [Free]/Free Flat Chat 3 Blank Icon.png using Guid(c7986faa57fc5ab478937d4fed66b1bb) Importer(815301076,1909f56bfc062723c751e8b465ee728b) (PreviewImporter) -> (artifact id: 'fe983d27489614b46b33e2bdcaf548f2') in 0.004269625 seconds
Number of updated asset objects reloaded before import = 0Number of asset objects unloaded after import = 3

========================================================================
Received Import Request.
  Time since last request: 0.000034 seconds.
  path: Assets/_Heathen Engineering/Assets/UX/Icons/Flat Icons [Free]/Free Flat Chat 3 Ellipsis Icon.png
  artifactKey: Guid(98e0f9ed3a2516b4888cbb15bc0a3b54) Importer(815301076,1909f56bfc062723c751e8b465ee728b)
Start importing Assets/_Heathen Engineering/Assets/UX/Icons/Flat Icons [Free]/Free Flat Chat 3 Ellipsis Icon.png using Guid(98e0f9ed3a2516b4888cbb15bc0a3b54) Importer(815301076,1909f56bfc062723c751e8b465ee728b) (PreviewImporter) -> (artifact id: '5d911395143879512cdc2f8d21d796f3') in 0.003543083 seconds
Number of updated asset objects reloaded before import = 0Number of asset objects unloaded after import = 3

========================================================================
Received Import Request.
  Time since last request: 0.000033 seconds.
  path: Assets/_Heathen Engineering/Assets/UX/Icons/Flat Icons [Free]/Free Flat Chat 3 Exclaim Icon.png
  artifactKey: Guid(078f2bfa61d319f42b811c4c87166211) Importer(815301076,1909f56bfc062723c751e8b465ee728b)
Start importing Assets/_Heathen Engineering/Assets/UX/Icons/Flat Icons [Free]/Free Flat Chat 3 Exclaim Icon.png using Guid(078f2bfa61d319f42b811c4c87166211) Importer(815301076,1909f56bfc062723c751e8b465ee728b) (PreviewImporter) -> (artifact id: '15f28b0279da18959e8268a3f7e2a13d') in 0.004062667 seconds
Number of updated asset objects reloaded before import = 0Number of asset objects unloaded after import = 3

========================================================================
Received Import Request.
  Time since last request: 0.123349 seconds.
  path: Assets/_Heathen Engineering/Assets/UX/Icons/Flat Icons [Free]/Free Flat Cloud Icon.png
  artifactKey: Guid(dabc19380a76426458ac691061a1a10a) Importer(815301076,1909f56bfc062723c751e8b465ee728b)
Start importing Assets/_Heathen Engineering/Assets/UX/Icons/Flat Icons [Free]/Free Flat Cloud Icon.png using Guid(dabc19380a76426458ac691061a1a10a) Importer(815301076,1909f56bfc062723c751e8b465ee728b) (PreviewImporter) -> (artifact id: '23ae1b0f83b79a0cca3c3db8f222ecb0') in 0.003991583 seconds
Number of updated asset objects reloaded before import = 0Number of asset objects unloaded after import = 3

========================================================================
Received Import Request.
  Time since last request: 0.000025 seconds.
  path: Assets/_Heathen Engineering/Assets/UX/Icons/Flat Icons [Free]/Free Flat Disk 4 Icon.png
  artifactKey: Guid(d59ff638a09b0b84184c5dd3bdd73e5f) Importer(815301076,1909f56bfc062723c751e8b465ee728b)
Start importing Assets/_Heathen Engineering/Assets/UX/Icons/Flat Icons [Free]/Free Flat Disk 4 Icon.png using Guid(d59ff638a09b0b84184c5dd3bdd73e5f) Importer(815301076,1909f56bfc062723c751e8b465ee728b) (PreviewImporter) -> (artifact id: '7b5309659c6d240ce930c294385eebb7') in 0.004144709 seconds
Number of updated asset objects reloaded before import = 0Number of asset objects unloaded after import = 3

========================================================================
Received Import Request.
  Time since last request: 0.000036 seconds.
  path: Assets/_Heathen Engineering/Assets/UX/Icons/Flat Icons [Free]/Free Flat Connection 3 Icon.png
  artifactKey: Guid(8973670be4bd7fe49a6a7b82418796d4) Importer(815301076,1909f56bfc062723c751e8b465ee728b)
Start importing Assets/_Heathen Engineering/Assets/UX/Icons/Flat Icons [Free]/Free Flat Connection 3 Icon.png using Guid(8973670be4bd7fe49a6a7b82418796d4) Importer(815301076,1909f56bfc062723c751e8b465ee728b) (PreviewImporter) -> (artifact id: '2ebf6b8f943ad7d377717d63ee465cc1') in 0.005329542 seconds
Number of updated asset objects reloaded before import = 0Number of asset objects unloaded after import = 3

========================================================================
Received Import Request.
  Time since last request: 0.000025 seconds.
  path: Assets/_Heathen Engineering/Assets/UX/Icons/Flat Icons [Free]/Free Flat Disk 3 Icon.png
  artifactKey: Guid(22538c55dffce6f47834b48a5970cd81) Importer(815301076,1909f56bfc062723c751e8b465ee728b)
Start importing Assets/_Heathen Engineering/Assets/UX/Icons/Flat Icons [Free]/Free Flat Disk 3 Icon.png using Guid(22538c55dffce6f47834b48a5970cd81) Importer(815301076,1909f56bfc062723c751e8b465ee728b) (PreviewImporter) -> (artifact id: 'de1d528361007005a1af1bb8dd0cbf45') in 0.003763541 seconds
Number of updated asset objects reloaded before import = 0Number of asset objects unloaded after import = 3

========================================================================
Received Import Request.
  Time since last request: 0.344894 seconds.
  path: Assets/_Heathen Engineering/Assets/UX/Icons/Flat Icons [Free]/Free Flat Download 2 Icon.png
  artifactKey: Guid(c3c81b037aa57ed4bb6d9a6f0b83a87c) Importer(815301076,1909f56bfc062723c751e8b465ee728b)
Start importing Assets/_Heathen Engineering/Assets/UX/Icons/Flat Icons [Free]/Free Flat Download 2 Icon.png using Guid(c3c81b037aa57ed4bb6d9a6f0b83a87c) Importer(815301076,1909f56bfc062723c751e8b465ee728b) (PreviewImporter) -> (artifact id: '218926ccebbaf984200c7381ea90008b') in 0.004239625 seconds
Number of updated asset objects reloaded before import = 0Number of asset objects unloaded after import = 3

========================================================================
Received Import Request.
  Time since last request: 0.000034 seconds.
  path: Assets/_Heathen Engineering/Assets/UX/Icons/Flat Icons [Free]/Free Flat Gradient Circle (Bottom) Icon.png
  artifactKey: Guid(12c3cc74bc3f4a74f8bf4f294f797d54) Importer(815301076,1909f56bfc062723c751e8b465ee728b)
Start importing Assets/_Heathen Engineering/Assets/UX/Icons/Flat Icons [Free]/Free Flat Gradient Circle (Bottom) Icon.png using Guid(12c3cc74bc3f4a74f8bf4f294f797d54) Importer(815301076,1909f56bfc062723c751e8b465ee728b) (PreviewImporter) -> (artifact id: 'a944d0233c40c2302c512b109a97669c') in 0.003297 seconds
Number of updated asset objects reloaded before import = 0Number of asset objects unloaded after import = 3

========================================================================
Received Import Request.
  Time since last request: 0.000028 seconds.
  path: Assets/_Heathen Engineering/Assets/UX/Icons/Flat Icons [Free]/Free Flat Gear 1 Icon.png
  artifactKey: Guid(561ce56b57e34e6499fda3c9e96b3559) Importer(815301076,1909f56bfc062723c751e8b465ee728b)
Start importing Assets/_Heathen Engineering/Assets/UX/Icons/Flat Icons [Free]/Free Flat Gear 1 Icon.png using Guid(561ce56b57e34e6499fda3c9e96b3559) Importer(815301076,1909f56bfc062723c751e8b465ee728b) (PreviewImporter) -> (artifact id: 'ddf177f69682f0cc69aea42dae082fb4') in 0.00496825 seconds
Number of updated asset objects reloaded before import = 0Number of asset objects unloaded after import = 3

========================================================================
Received Import Request.
  Time since last request: 0.000032 seconds.
  path: Assets/_Heathen Engineering/Assets/UX/Icons/Flat Icons [Free]/Free Flat Gear 4 Icon.png
  artifactKey: Guid(2fa906dd9c7da0e44b82fa4cda8f8a8a) Importer(815301076,1909f56bfc062723c751e8b465ee728b)
Start importing Assets/_Heathen Engineering/Assets/UX/Icons/Flat Icons [Free]/Free Flat Gear 4 Icon.png using Guid(2fa906dd9c7da0e44b82fa4cda8f8a8a) Importer(815301076,1909f56bfc062723c751e8b465ee728b) (PreviewImporter) -> (artifact id: 'a607184814f2810c5693a7f97ffb1649') in 0.004635875 seconds
Number of updated asset objects reloaded before import = 0Number of asset objects unloaded after import = 3

========================================================================
Received Import Request.
  Time since last request: 15.808415 seconds.
  path: Assets/_Heathen Engineering/Assets/UX/Icons/Flat Icons [Free]/Free Flat Gradient Circle (Left) Icon.png
  artifactKey: Guid(eb947f65937e82c47a6d1c17463829da) Importer(815301076,1909f56bfc062723c751e8b465ee728b)
Start importing Assets/_Heathen Engineering/Assets/UX/Icons/Flat Icons [Free]/Free Flat Gradient Circle (Left) Icon.png using Guid(eb947f65937e82c47a6d1c17463829da) Importer(815301076,1909f56bfc062723c751e8b465ee728b) (PreviewImporter) -> (artifact id: 'ec9433e95c90d30215ff2b068213118a') in 0.013271542 seconds
Number of updated asset objects reloaded before import = 0Number of asset objects unloaded after import = 3

========================================================================
Received Import Request.
  Time since last request: 0.000047 seconds.
  path: Assets/_Heathen Engineering/Assets/UX/Icons/Flat Icons [Free]/Free Flat Hat Solid E Icon.png
  artifactKey: Guid(6e5eee0c05fcf7b439b27ea85bcb070e) Importer(815301076,1909f56bfc062723c751e8b465ee728b)
Start importing Assets/_Heathen Engineering/Assets/UX/Icons/Flat Icons [Free]/Free Flat Hat Solid E Icon.png using Guid(6e5eee0c05fcf7b439b27ea85bcb070e) Importer(815301076,1909f56bfc062723c751e8b465ee728b) (PreviewImporter) -> (artifact id: '069ed9c3350807c8045bda620ae55827') in 0.004009084 seconds
Number of updated asset objects reloaded before import = 0Number of asset objects unloaded after import = 3

========================================================================
Received Import Request.
  Time since last request: 0.000037 seconds.
  path: Assets/_Heathen Engineering/Assets/UX/Icons/Flat Icons [Free]/Free Flat Gradient Horizontal (Left) Icon.png
  artifactKey: Guid(ddab5934254f1ae49921cf4eeb754ddc) Importer(815301076,1909f56bfc062723c751e8b465ee728b)
Start importing Assets/_Heathen Engineering/Assets/UX/Icons/Flat Icons [Free]/Free Flat Gradient Horizontal (Left) Icon.png using Guid(ddab5934254f1ae49921cf4eeb754ddc) Importer(815301076,1909f56bfc062723c751e8b465ee728b) (PreviewImporter) -> (artifact id: '5b74ee6784d1b3242e57a9b927379e1f') in 0.003262625 seconds
Number of updated asset objects reloaded before import = 0Number of asset objects unloaded after import = 3

========================================================================
Received Import Request.
  Time since last request: 0.000030 seconds.
  path: Assets/_Heathen Engineering/Assets/UX/Icons/Flat Icons [Free]/Free Flat Gradient Circle Icon.png
  artifactKey: Guid(e4bf43d6d1e92494f952cf4372e91e8f) Importer(815301076,1909f56bfc062723c751e8b465ee728b)
Start importing Assets/_Heathen Engineering/Assets/UX/Icons/Flat Icons [Free]/Free Flat Gradient Circle Icon.png using Guid(e4bf43d6d1e92494f952cf4372e91e8f) Importer(815301076,1909f56bfc062723c751e8b465ee728b) (PreviewImporter) -> (artifact id: 'c58154c8bcc1a80cf20f06c6c7cef00a') in 0.004104833 seconds
Number of updated asset objects reloaded before import = 0Number of asset objects unloaded after import = 3

========================================================================
Received Import Request.
  Time since last request: 0.032410 seconds.
  path: Assets/_Heathen Engineering/Assets/UX/Icons/Flat Icons [Free]/Free Flat Hat Solid ENW Icon.png
  artifactKey: Guid(4ad0bc8bc8bb92648a4dd9f7c65814d0) Importer(815301076,1909f56bfc062723c751e8b465ee728b)
Start importing Assets/_Heathen Engineering/Assets/UX/Icons/Flat Icons [Free]/Free Flat Hat Solid ENW Icon.png using Guid(4ad0bc8bc8bb92648a4dd9f7c65814d0) Importer(815301076,1909f56bfc062723c751e8b465ee728b) (PreviewImporter) -> (artifact id: '3ab1a90b75d4bb9ef7161b17feb35301') in 0.004193791 seconds
Number of updated asset objects reloaded before import = 0Number of asset objects unloaded after import = 3

========================================================================
Received Import Request.
  Time since last request: 0.000029 seconds.
  path: Assets/_Heathen Engineering/Assets/UX/Icons/Flat Icons [Free]/Free Flat Hat Solid NW Icon.png
  artifactKey: Guid(4123cf49a9e94bf4e853f60226e46a5f) Importer(815301076,1909f56bfc062723c751e8b465ee728b)
Start importing Assets/_Heathen Engineering/Assets/UX/Icons/Flat Icons [Free]/Free Flat Hat Solid NW Icon.png using Guid(4123cf49a9e94bf4e853f60226e46a5f) Importer(815301076,1909f56bfc062723c751e8b465ee728b) (PreviewImporter) -> (artifact id: 'b9713c142cc80d19fbb886f6dae1f4c0') in 0.004108625 seconds
Number of updated asset objects reloaded before import = 0Number of asset objects unloaded after import = 3

========================================================================
Received Import Request.
  Time since last request: 0.000034 seconds.
  path: Assets/_Heathen Engineering/Assets/UX/Icons/Flat Icons [Free]/Free Flat Hat Solid NE Icon.png
  artifactKey: Guid(8803f9c70b4f1a044b4dc06ddf9c1ddd) Importer(815301076,1909f56bfc062723c751e8b465ee728b)
Start importing Assets/_Heathen Engineering/Assets/UX/Icons/Flat Icons [Free]/Free Flat Hat Solid NE Icon.png using Guid(8803f9c70b4f1a044b4dc06ddf9c1ddd) Importer(815301076,1909f56bfc062723c751e8b465ee728b) (PreviewImporter) -> (artifact id: 'db12a736d7af450fee1fc59398fc1da6') in 0.004905 seconds
Number of updated asset objects reloaded before import = 0Number of asset objects unloaded after import = 3

========================================================================
Received Import Request.
  Time since last request: 0.000043 seconds.
  path: Assets/_Heathen Engineering/Assets/UX/Icons/Flat Icons [Free]/Free Flat Hat Solid N Icon.png
  artifactKey: Guid(a7177caaa757a4d4cac55efaabd67d92) Importer(815301076,1909f56bfc062723c751e8b465ee728b)
Start importing Assets/_Heathen Engineering/Assets/UX/Icons/Flat Icons [Free]/Free Flat Hat Solid N Icon.png using Guid(a7177caaa757a4d4cac55efaabd67d92) Importer(815301076,1909f56bfc062723c751e8b465ee728b) (PreviewImporter) -> (artifact id: '05652c2312626a57b695b8fa0a020f51') in 0.003583708 seconds
Number of updated asset objects reloaded before import = 0Number of asset objects unloaded after import = 3

========================================================================
Received Import Request.
  Time since last request: 0.010982 seconds.
  path: Assets/_Heathen Engineering/Assets/UX/Icons/Flat Icons [Free]/Free Flat Hat Solid SW Icon.png
  artifactKey: Guid(11299bf0a0917514d9e6c313cd385549) Importer(815301076,1909f56bfc062723c751e8b465ee728b)
Start importing Assets/_Heathen Engineering/Assets/UX/Icons/Flat Icons [Free]/Free Flat Hat Solid SW Icon.png using Guid(11299bf0a0917514d9e6c313cd385549) Importer(815301076,1909f56bfc062723c751e8b465ee728b) (PreviewImporter) -> (artifact id: '0d9398fa09ec92ef5d499115e428f7a5') in 0.003863166 seconds
Number of updated asset objects reloaded before import = 0Number of asset objects unloaded after import = 3

========================================================================
Received Import Request.
  Time since last request: 0.000043 seconds.
  path: Assets/_Heathen Engineering/Assets/UX/Icons/Flat Icons [Free]/Free Flat Hat Split NES Icon.png
  artifactKey: Guid(c13c42142e883da49b83522d06caeb61) Importer(815301076,1909f56bfc062723c751e8b465ee728b)
Start importing Assets/_Heathen Engineering/Assets/UX/Icons/Flat Icons [Free]/Free Flat Hat Split NES Icon.png using Guid(c13c42142e883da49b83522d06caeb61) Importer(815301076,1909f56bfc062723c751e8b465ee728b) (PreviewImporter) -> (artifact id: '2f82bedb8ab8d7a92adab23fd4799f87') in 0.003781708 seconds
Number of updated asset objects reloaded before import = 0Number of asset objects unloaded after import = 3

========================================================================
Received Import Request.
  Time since last request: 0.000047 seconds.
  path: Assets/_Heathen Engineering/Assets/UX/Icons/Flat Icons [Free]/Free Flat Hat Split ESW Icon.png
  artifactKey: Guid(401cf7eb34cb4fb43ab0ba85694e8e7f) Importer(815301076,1909f56bfc062723c751e8b465ee728b)
Start importing Assets/_Heathen Engineering/Assets/UX/Icons/Flat Icons [Free]/Free Flat Hat Split ESW Icon.png using Guid(401cf7eb34cb4fb43ab0ba85694e8e7f) Importer(815301076,1909f56bfc062723c751e8b465ee728b) (PreviewImporter) -> (artifact id: 'c64160f885cd20367a8870da20f1b031') in 0.004652667 seconds
Number of updated asset objects reloaded before import = 0Number of asset objects unloaded after import = 3

========================================================================
Received Import Request.
  Time since last request: 0.000039 seconds.
  path: Assets/_Heathen Engineering/Assets/UX/Icons/Flat Icons [Free]/Free Flat Hat Split EW Icon.png
  artifactKey: Guid(d1cf728dc5f8f1146bbdb20b1d77e043) Importer(815301076,1909f56bfc062723c751e8b465ee728b)
Start importing Assets/_Heathen Engineering/Assets/UX/Icons/Flat Icons [Free]/Free Flat Hat Split EW Icon.png using Guid(d1cf728dc5f8f1146bbdb20b1d77e043) Importer(815301076,1909f56bfc062723c751e8b465ee728b) (PreviewImporter) -> (artifact id: 'fcbe455d044a4676a556c9199ae00e8c') in 0.003843125 seconds
Number of updated asset objects reloaded before import = 0Number of asset objects unloaded after import = 3

========================================================================
Received Import Request.
  Time since last request: 0.090851 seconds.
  path: Assets/_Heathen Engineering/Assets/UX/Icons/Flat Icons [Free]/Free Flat Hat Split NW Icon.png
  artifactKey: Guid(0882a00e59f52a543800a1a52bbba249) Importer(815301076,1909f56bfc062723c751e8b465ee728b)
Start importing Assets/_Heathen Engineering/Assets/UX/Icons/Flat Icons [Free]/Free Flat Hat Split NW Icon.png using Guid(0882a00e59f52a543800a1a52bbba249) Importer(815301076,1909f56bfc062723c751e8b465ee728b) (PreviewImporter) -> (artifact id: 'd4a3cd90c0b12d6d8d35226c6cc7bb73') in 0.004202125 seconds
Number of updated asset objects reloaded before import = 0Number of asset objects unloaded after import = 3

========================================================================
Received Import Request.
  Time since last request: 0.000085 seconds.
  path: Assets/_Heathen Engineering/Assets/UX/Icons/Flat Icons [Free]/Free Flat Leaderboard Icon.png
  artifactKey: Guid(e1d56bf61bc01bf4a94b84873148109e) Importer(815301076,1909f56bfc062723c751e8b465ee728b)
Start importing Assets/_Heathen Engineering/Assets/UX/Icons/Flat Icons [Free]/Free Flat Leaderboard Icon.png using Guid(e1d56bf61bc01bf4a94b84873148109e) Importer(815301076,1909f56bfc062723c751e8b465ee728b) (PreviewImporter) -> (artifact id: '40c7a3dac3f7a62b285cc7e5775f6cbf') in 0.004087292 seconds
Number of updated asset objects reloaded before import = 0Number of asset objects unloaded after import = 3

========================================================================
Received Import Request.
  Time since last request: 0.000039 seconds.
  path: Assets/_Heathen Engineering/Assets/UX/Icons/Flat Icons [Free]/Free Flat Heart Filled Icon.png
  artifactKey: Guid(4217838d18d06c04fbb38361be7b975f) Importer(815301076,1909f56bfc062723c751e8b465ee728b)
Start importing Assets/_Heathen Engineering/Assets/UX/Icons/Flat Icons [Free]/Free Flat Heart Filled Icon.png using Guid(4217838d18d06c04fbb38361be7b975f) Importer(815301076,1909f56bfc062723c751e8b465ee728b) (PreviewImporter) -> (artifact id: '0a1562caf2fdd5bb9da9d111b22eb90e') in 0.004093667 seconds
Number of updated asset objects reloaded before import = 0Number of asset objects unloaded after import = 3

========================================================================
Received Import Request.
  Time since last request: 0.000036 seconds.
  path: Assets/_Heathen Engineering/Assets/UX/Icons/Flat Icons [Free]/Free Flat Hyphen Icon.png
  artifactKey: Guid(540b141eb0ec4494d9b42bd9ea32cd93) Importer(815301076,1909f56bfc062723c751e8b465ee728b)
Start importing Assets/_Heathen Engineering/Assets/UX/Icons/Flat Icons [Free]/Free Flat Hyphen Icon.png using Guid(540b141eb0ec4494d9b42bd9ea32cd93) Importer(815301076,1909f56bfc062723c751e8b465ee728b) (PreviewImporter) -> (artifact id: '23c23ef25f19e9b8dc4fe3f05600ff8b') in 0.004223375 seconds
Number of updated asset objects reloaded before import = 0Number of asset objects unloaded after import = 3

========================================================================
Received Import Request.
  Time since last request: 0.372634 seconds.
  path: Assets/_Heathen Engineering/Assets/UX/Icons/Flat Icons [Free]/Free Flat Lock Open Icon.png
  artifactKey: Guid(bb7ec8b62952b184997404e390b9e690) Importer(815301076,1909f56bfc062723c751e8b465ee728b)
Start importing Assets/_Heathen Engineering/Assets/UX/Icons/Flat Icons [Free]/Free Flat Lock Open Icon.png using Guid(bb7ec8b62952b184997404e390b9e690) Importer(815301076,1909f56bfc062723c751e8b465ee728b) (PreviewImporter) -> (artifact id: '091ef527345806baf71edcc166deeb0a') in 0.004407666 seconds
Number of updated asset objects reloaded before import = 0Number of asset objects unloaded after import = 3

========================================================================
Received Import Request.
  Time since last request: 0.000045 seconds.
  path: Assets/_Heathen Engineering/Assets/UX/Icons/Flat Icons [Free]/Free Flat Media Left Icon.png
  artifactKey: Guid(6a736cfd9250d5c4a9ff3e0e4ad0cb5c) Importer(815301076,1909f56bfc062723c751e8b465ee728b)
Start importing Assets/_Heathen Engineering/Assets/UX/Icons/Flat Icons [Free]/Free Flat Media Left Icon.png using Guid(6a736cfd9250d5c4a9ff3e0e4ad0cb5c) Importer(815301076,1909f56bfc062723c751e8b465ee728b) (PreviewImporter) -> (artifact id: '4644b8ab21a54d2088002ba6a1237397') in 0.007004583 seconds
Number of updated asset objects reloaded before import = 0Number of asset objects unloaded after import = 3

========================================================================
Received Import Request.
  Time since last request: 0.000028 seconds.
  path: Assets/_Heathen Engineering/Assets/UX/Icons/Flat Icons [Free]/Free Flat Media Left Full Icon.png
  artifactKey: Guid(384f096438e6ce64d8d0ce0cc29739c5) Importer(815301076,1909f56bfc062723c751e8b465ee728b)
Start importing Assets/_Heathen Engineering/Assets/UX/Icons/Flat Icons [Free]/Free Flat Media Left Full Icon.png using Guid(384f096438e6ce64d8d0ce0cc29739c5) Importer(815301076,1909f56bfc062723c751e8b465ee728b) (PreviewImporter) -> (artifact id: 'c11d2da5550a4dc92b196fd2e4e0089d') in 0.004938875 seconds
Number of updated asset objects reloaded before import = 0Number of asset objects unloaded after import = 3

========================================================================
Received Import Request.
  Time since last request: 0.000035 seconds.
  path: Assets/_Heathen Engineering/Assets/UX/Icons/Flat Icons [Free]/Free Flat Magnify Plus Icon.png
  artifactKey: Guid(e8e788d00a023ef4ea9a8e321c8efb2a) Importer(815301076,1909f56bfc062723c751e8b465ee728b)
Start importing Assets/_Heathen Engineering/Assets/UX/Icons/Flat Icons [Free]/Free Flat Magnify Plus Icon.png using Guid(e8e788d00a023ef4ea9a8e321c8efb2a) Importer(815301076,1909f56bfc062723c751e8b465ee728b) (PreviewImporter) -> (artifact id: '0c59a86a07605966808f94e5aa7e1a69') in 0.004033875 seconds
Number of updated asset objects reloaded before import = 0Number of asset objects unloaded after import = 3

========================================================================
Received Import Request.
  Time since last request: 0.000032 seconds.
  path: Assets/_Heathen Engineering/Assets/UX/Icons/Flat Icons [Free]/Free Flat Menu 1 Icon.png
  artifactKey: Guid(54edad069dc0f1148bf3ab0538fa2391) Importer(815301076,1909f56bfc062723c751e8b465ee728b)
Start importing Assets/_Heathen Engineering/Assets/UX/Icons/Flat Icons [Free]/Free Flat Menu 1 Icon.png using Guid(54edad069dc0f1148bf3ab0538fa2391) Importer(815301076,1909f56bfc062723c751e8b465ee728b) (PreviewImporter) -> (artifact id: 'ec5ea52836258391d9ea3b5ff503ae40') in 0.003938042 seconds
Number of updated asset objects reloaded before import = 0Number of asset objects unloaded after import = 3

========================================================================
Received Import Request.
  Time since last request: 0.000028 seconds.
  path: Assets/_Heathen Engineering/Assets/UX/Icons/Flat Icons [Free]/Free Flat Menu 7 Icon.png
  artifactKey: Guid(9b466b84db50ef34ea05f95f37e7d439) Importer(815301076,1909f56bfc062723c751e8b465ee728b)
Start importing Assets/_Heathen Engineering/Assets/UX/Icons/Flat Icons [Free]/Free Flat Menu 7 Icon.png using Guid(9b466b84db50ef34ea05f95f37e7d439) Importer(815301076,1909f56bfc062723c751e8b465ee728b) (PreviewImporter) -> (artifact id: '152a7f872363beb071903b97d1c2dd2b') in 0.004682208 seconds
Number of updated asset objects reloaded before import = 0Number of asset objects unloaded after import = 3

========================================================================
Received Import Request.
  Time since last request: 0.000033 seconds.
  path: Assets/_Heathen Engineering/Assets/UX/Icons/Flat Icons [Free]/Free Flat Menu 8 Icon.png
  artifactKey: Guid(346e3b2dceb1a6c458d4271b170b3bd5) Importer(815301076,1909f56bfc062723c751e8b465ee728b)
Start importing Assets/_Heathen Engineering/Assets/UX/Icons/Flat Icons [Free]/Free Flat Menu 8 Icon.png using Guid(346e3b2dceb1a6c458d4271b170b3bd5) Importer(815301076,1909f56bfc062723c751e8b465ee728b) (PreviewImporter) -> (artifact id: 'e40ce8deb6ac7c97159d1dfd16ef202d') in 0.003600708 seconds
Number of updated asset objects reloaded before import = 0Number of asset objects unloaded after import = 3

========================================================================
Received Import Request.
  Time since last request: 0.000037 seconds.
  path: Assets/_Heathen Engineering/Assets/UX/Icons/Flat Icons [Free]/Free Flat Mic Off Icon.png
  artifactKey: Guid(e4a9e167cc90cae43bb03120ccbe26ef) Importer(815301076,1909f56bfc062723c751e8b465ee728b)
Start importing Assets/_Heathen Engineering/Assets/UX/Icons/Flat Icons [Free]/Free Flat Mic Off Icon.png using Guid(e4a9e167cc90cae43bb03120ccbe26ef) Importer(815301076,1909f56bfc062723c751e8b465ee728b) (PreviewImporter) -> (artifact id: 'f11ce61d1fa51e31d2b4fa1230dd02e1') in 0.003999042 seconds
Number of updated asset objects reloaded before import = 0Number of asset objects unloaded after import = 3

========================================================================
Received Import Request.
  Time since last request: 0.000036 seconds.
  path: Assets/_Heathen Engineering/Assets/UX/Icons/Flat Icons [Free]/Free Flat Mic Off Dash Icon.png
  artifactKey: Guid(c6a91fdbbdde167459002f1c9ca6b127) Importer(815301076,1909f56bfc062723c751e8b465ee728b)
Start importing Assets/_Heathen Engineering/Assets/UX/Icons/Flat Icons [Free]/Free Flat Mic Off Dash Icon.png using Guid(c6a91fdbbdde167459002f1c9ca6b127) Importer(815301076,1909f56bfc062723c751e8b465ee728b) (PreviewImporter) -> (artifact id: 'efc0967fdafc4da4e91af0cb58977d2c') in 0.004699667 seconds
Number of updated asset objects reloaded before import = 0Number of asset objects unloaded after import = 3

========================================================================
Received Import Request.
  Time since last request: 0.000037 seconds.
  path: Assets/_Heathen Engineering/Assets/UX/Icons/Flat Icons [Free]/Free Flat Music Icon.png
  artifactKey: Guid(cfeb52c1158468445be82e5c877e4f1a) Importer(815301076,1909f56bfc062723c751e8b465ee728b)
Start importing Assets/_Heathen Engineering/Assets/UX/Icons/Flat Icons [Free]/Free Flat Music Icon.png using Guid(cfeb52c1158468445be82e5c877e4f1a) Importer(815301076,1909f56bfc062723c751e8b465ee728b) (PreviewImporter) -> (artifact id: '5c81e76ef739c314bc3f02caa25daa46') in 0.004010958 seconds
Number of updated asset objects reloaded before import = 0Number of asset objects unloaded after import = 3

========================================================================
Received Import Request.
  Time since last request: 0.000032 seconds.
  path: Assets/_Heathen Engineering/Assets/UX/Icons/Flat Icons [Free]/Free Flat Pen Icon.png
  artifactKey: Guid(705f0467455c3f0479897da07daeb0be) Importer(815301076,1909f56bfc062723c751e8b465ee728b)
Start importing Assets/_Heathen Engineering/Assets/UX/Icons/Flat Icons [Free]/Free Flat Pen Icon.png using Guid(705f0467455c3f0479897da07daeb0be) Importer(815301076,1909f56bfc062723c751e8b465ee728b) (PreviewImporter) -> (artifact id: '1b2b2e57eeb3196a4ced33d68614f0c2') in 0.0043855 seconds
Number of updated asset objects reloaded before import = 0Number of asset objects unloaded after import = 3

========================================================================
Received Import Request.
  Time since last request: 0.000032 seconds.
  path: Assets/_Heathen Engineering/Assets/UX/Icons/Flat Icons [Free]/Free Flat People 1 Icon.png
  artifactKey: Guid(e779ad32171e85f49bbebec977f04411) Importer(815301076,1909f56bfc062723c751e8b465ee728b)
Start importing Assets/_Heathen Engineering/Assets/UX/Icons/Flat Icons [Free]/Free Flat People 1 Icon.png using Guid(e779ad32171e85f49bbebec977f04411) Importer(815301076,1909f56bfc062723c751e8b465ee728b) (PreviewImporter) -> (artifact id: 'af9959e1357f7f1537dc0c7fa882362f') in 0.006481167 seconds
Number of updated asset objects reloaded before import = 0Number of asset objects unloaded after import = 3

========================================================================
Received Import Request.
  Time since last request: 0.000033 seconds.
  path: Assets/_Heathen Engineering/Assets/UX/Icons/Flat Icons [Free]/Free Flat Music No Dashless Icon.png
  artifactKey: Guid(547bb804169b8084a8523d172c156a03) Importer(815301076,1909f56bfc062723c751e8b465ee728b)
Start importing Assets/_Heathen Engineering/Assets/UX/Icons/Flat Icons [Free]/Free Flat Music No Dashless Icon.png using Guid(547bb804169b8084a8523d172c156a03) Importer(815301076,1909f56bfc062723c751e8b465ee728b) (PreviewImporter) -> (artifact id: '6abcdbf3efd4e2dbd7682498c2af801a') in 0.003744166 seconds
Number of updated asset objects reloaded before import = 0Number of asset objects unloaded after import = 3

========================================================================
Received Import Request.
  Time since last request: 0.000027 seconds.
  path: Assets/_Heathen Engineering/Assets/UX/Icons/Flat Icons [Free]/Free Flat Mic No Crossless Icon.png
  artifactKey: Guid(17a49a70c2f55784b88d0fb593781488) Importer(815301076,1909f56bfc062723c751e8b465ee728b)
Start importing Assets/_Heathen Engineering/Assets/UX/Icons/Flat Icons [Free]/Free Flat Mic No Crossless Icon.png using Guid(17a49a70c2f55784b88d0fb593781488) Importer(815301076,1909f56bfc062723c751e8b465ee728b) (PreviewImporter) -> (artifact id: '3e845697f7cab09cee67b92a03d99067') in 0.004079625 seconds
Number of updated asset objects reloaded before import = 0Number of asset objects unloaded after import = 3

========================================================================
Received Import Request.
  Time since last request: 0.000034 seconds.
  path: Assets/_Heathen Engineering/Assets/UX/Icons/Flat Icons [Free]/Free Flat Signal Up 1 Icon.png
  artifactKey: Guid(01eead9d665b57646bca62095606183a) Importer(815301076,1909f56bfc062723c751e8b465ee728b)
Start importing Assets/_Heathen Engineering/Assets/UX/Icons/Flat Icons [Free]/Free Flat Signal Up 1 Icon.png using Guid(01eead9d665b57646bca62095606183a) Importer(815301076,1909f56bfc062723c751e8b465ee728b) (PreviewImporter) -> (artifact id: '06fba44fee494175687219b84a689e15') in 0.003710166 seconds
Number of updated asset objects reloaded before import = 0Number of asset objects unloaded after import = 3

========================================================================
Received Import Request.
  Time since last request: 0.000031 seconds.
  path: Assets/_Heathen Engineering/Assets/UX/Icons/Flat Icons [Free]/Free Flat Star Empty Icon.png
  artifactKey: Guid(694f5b86dbe494b4d9a8edeee57acfd4) Importer(815301076,1909f56bfc062723c751e8b465ee728b)
Start importing Assets/_Heathen Engineering/Assets/UX/Icons/Flat Icons [Free]/Free Flat Star Empty Icon.png using Guid(694f5b86dbe494b4d9a8edeee57acfd4) Importer(815301076,1909f56bfc062723c751e8b465ee728b) (PreviewImporter) -> (artifact id: 'e84dafa090f1ab4555714f77ffa4e37f') in 0.005131208 seconds
Number of updated asset objects reloaded before import = 0Number of asset objects unloaded after import = 3

========================================================================
Received Import Request.
  Time since last request: 0.000043 seconds.
  path: Assets/_Heathen Engineering/Assets/UX/Icons/Flat Icons [Free]/Free Flat Signal Up 101 Icon.png
  artifactKey: Guid(b5d747335d1bafb43915c028619955af) Importer(815301076,1909f56bfc062723c751e8b465ee728b)
Start importing Assets/_Heathen Engineering/Assets/UX/Icons/Flat Icons [Free]/Free Flat Signal Up 101 Icon.png using Guid(b5d747335d1bafb43915c028619955af) Importer(815301076,1909f56bfc062723c751e8b465ee728b) (PreviewImporter) -> (artifact id: 'b86dcb530b6e4d562602785b8642a4ce') in 0.004583708 seconds
Number of updated asset objects reloaded before import = 0Number of asset objects unloaded after import = 3

========================================================================
Received Import Request.
  Time since last request: 0.000040 seconds.
  path: Assets/_Heathen Engineering/Assets/UX/Icons/Flat Icons [Free]/Free Flat Thumbs Down Icon.png
  artifactKey: Guid(44f10997f36483b40926d06c92414351) Importer(815301076,1909f56bfc062723c751e8b465ee728b)
Start importing Assets/_Heathen Engineering/Assets/UX/Icons/Flat Icons [Free]/Free Flat Thumbs Down Icon.png using Guid(44f10997f36483b40926d06c92414351) Importer(815301076,1909f56bfc062723c751e8b465ee728b) (PreviewImporter) -> (artifact id: 'c1c44a046012a8b0c4fd2df6dc73a3d6') in 0.005391167 seconds
Number of updated asset objects reloaded before import = 0Number of asset objects unloaded after import = 3

========================================================================
Received Import Request.
  Time since last request: 0.000032 seconds.
  path: Assets/_Heathen Engineering/Assets/UX/Icons/Flat Icons [Free]/Free Flat Mic Off Dashless Icon.png
  artifactKey: Guid(50fea1eac0ada9a46b84161f5c9db6cd) Importer(815301076,1909f56bfc062723c751e8b465ee728b)
Start importing Assets/_Heathen Engineering/Assets/UX/Icons/Flat Icons [Free]/Free Flat Mic Off Dashless Icon.png using Guid(50fea1eac0ada9a46b84161f5c9db6cd) Importer(815301076,1909f56bfc062723c751e8b465ee728b) (PreviewImporter) -> (artifact id: '04f560538f8a458fd5abe58b71c66a20') in 0.004569292 seconds
Number of updated asset objects reloaded before import = 0Number of asset objects unloaded after import = 3

========================================================================
Received Import Request.
  Time since last request: 0.000038 seconds.
  path: Assets/_Heathen Engineering/Assets/UX/Icons/Flat Icons [Free]/Free Flat Move In_1 Icon.png
  artifactKey: Guid(033336c308c8eb048a200b88b4c9012f) Importer(815301076,1909f56bfc062723c751e8b465ee728b)
Start importing Assets/_Heathen Engineering/Assets/UX/Icons/Flat Icons [Free]/Free Flat Move In_1 Icon.png using Guid(033336c308c8eb048a200b88b4c9012f) Importer(815301076,1909f56bfc062723c751e8b465ee728b) (PreviewImporter) -> (artifact id: 'b60aff48653b456cb6743e49540d648b') in 0.004430917 seconds
Number of updated asset objects reloaded before import = 0Number of asset objects unloaded after import = 3

========================================================================
Received Import Request.
  Time since last request: 0.001117 seconds.
  path: Assets/_Heathen Engineering/Assets/UX/Icons/Flat Icons [Free]/Free Flat Toggle Centre Icon.png
  artifactKey: Guid(da098e9c51c4f7d42bd00970713bfc95) Importer(815301076,1909f56bfc062723c751e8b465ee728b)
Start importing Assets/_Heathen Engineering/Assets/UX/Icons/Flat Icons [Free]/Free Flat Toggle Centre Icon.png using Guid(da098e9c51c4f7d42bd00970713bfc95) Importer(815301076,1909f56bfc062723c751e8b465ee728b) (PreviewImporter) -> (artifact id: '481b0548eca3f4324332bbeba3671d8c') in 0.004136792 seconds
Number of updated asset objects reloaded before import = 0Number of asset objects unloaded after import = 3

========================================================================
Received Import Request.
  Time since last request: 0.000031 seconds.
  path: Assets/_Heathen Engineering/Assets/UX/Icons/Flat Icons [Free]/Free Flat Toggle Thumb Left Icon.png
  artifactKey: Guid(98d066211bdac204cb692c7ac53e012d) Importer(815301076,1909f56bfc062723c751e8b465ee728b)
Start importing Assets/_Heathen Engineering/Assets/UX/Icons/Flat Icons [Free]/Free Flat Toggle Thumb Left Icon.png using Guid(98d066211bdac204cb692c7ac53e012d) Importer(815301076,1909f56bfc062723c751e8b465ee728b) (PreviewImporter) -> (artifact id: '863c9e07e46779fff8e8f0e0fd7cb4b1') in 0.00398125 seconds
Number of updated asset objects reloaded before import = 0Number of asset objects unloaded after import = 3

========================================================================
Received Import Request.
  Time since last request: 0.000030 seconds.
  path: Assets/_Heathen Engineering/Assets/UX/Icons/Flat Icons [Free]/Free Flat Upload Cloud Icon.png
  artifactKey: Guid(5a20439d7b6619c40a0ef94f13d18bc5) Importer(815301076,1909f56bfc062723c751e8b465ee728b)
Start importing Assets/_Heathen Engineering/Assets/UX/Icons/Flat Icons [Free]/Free Flat Upload Cloud Icon.png using Guid(5a20439d7b6619c40a0ef94f13d18bc5) Importer(815301076,1909f56bfc062723c751e8b465ee728b) (PreviewImporter) -> (artifact id: 'ec19e6ddef8ea5191d0d0f6af8de4564') in 0.003759875 seconds
Number of updated asset objects reloaded before import = 0Number of asset objects unloaded after import = 3

========================================================================
Received Import Request.
  Time since last request: 0.000032 seconds.
  path: Assets/_Heathen Engineering/Assets/UX/Icons/Flat Icons [Free]/Free Flat Toggle Thumb Right Icon.png
  artifactKey: Guid(2514675ace6b54a4b86f2e955361c8dc) Importer(815301076,1909f56bfc062723c751e8b465ee728b)
Start importing Assets/_Heathen Engineering/Assets/UX/Icons/Flat Icons [Free]/Free Flat Toggle Thumb Right Icon.png using Guid(2514675ace6b54a4b86f2e955361c8dc) Importer(815301076,1909f56bfc062723c751e8b465ee728b) (PreviewImporter) -> (artifact id: 'bc7aa3da5bbd36743c1654222dd855a1') in 0.004042584 seconds
Number of updated asset objects reloaded before import = 0Number of asset objects unloaded after import = 3

========================================================================
Received Import Request.
  Time since last request: 2.678252 seconds.
  path: Assets/_Heathen Engineering/Assets/UX/Icons/Flat Icons [Free]/Free Flat Volume 3 Icon.png
  artifactKey: Guid(e153e7320d1c3b247b8dd9913128265a) Importer(815301076,1909f56bfc062723c751e8b465ee728b)
Start importing Assets/_Heathen Engineering/Assets/UX/Icons/Flat Icons [Free]/Free Flat Volume 3 Icon.png using Guid(e153e7320d1c3b247b8dd9913128265a) Importer(815301076,1909f56bfc062723c751e8b465ee728b) (PreviewImporter) -> (artifact id: '9a56da0edf238ca6ee3a8b4f6c88e7a7') in 0.01051 seconds
Number of updated asset objects reloaded before import = 0Number of asset objects unloaded after import = 3

Editor requested this worker to shutdown with reason: Scaling down because of idle timeout
AssetImportWorker is now disconnected from the server
Process exiting
